# JRE version: OpenJDK Runtime Environment Temurin-11.0.19+7 (11.0.19+7) (build 11.0.19+7)
# Java VM: OpenJDK 64-Bit Server VM Temurin-11.0.19+7 (11.0.19+7, mixed mode, tiered, compressed oops, g1 gc, windows-amd64)
Heap:
 garbage-first heap   total 262144K, used 149111K [0x00000000e0000000, 0x0000000100000000)
  region size 1024K, 38 young (38912K), 2 survivors (2048K)
 Metaspace       used 84522K, capacity 87257K, committed 87560K, reserved 331776K
  class space    used 10767K, capacity 11720K, committed 11776K, reserved 253952K
GC Heap History (20 events):
Event: 7.241 GC heap before
{Heap before GC invocations=1 (full 0):
 garbage-first heap   total 262144K, used 104680K [0x00000000e0000000, 0x0000000100000000)
  region size 1024K, 96 young (98304K), 3 survivors (3072K)
 Metaspace       used 20777K, capacity 21223K, committed 21296K, reserved 274432K
  class space    used 2494K, capacity 2665K, committed 2688K, reserved 253952K
}
Event: 7.261 GC heap after
{Heap after GC invocations=2 (full 0):
 garbage-first heap   total 262144K, used 17124K [0x00000000e0000000, 0x0000000100000000)
  region size 1024K, 11 young (11264K), 11 survivors (11264K)
 Metaspace       used 20777K, capacity 21223K, committed 21296K, reserved 274432K
  class space    used 2494K, capacity 2665K, committed 2688K, reserved 253952K
}
Event: 8.917 GC heap before
{Heap before GC invocations=3 (full 0):
 garbage-first heap   total 262144K, used 80612K [0x00000000e0000000, 0x0000000100000000)
  region size 1024K, 73 young (74752K), 11 survivors (11264K)
 Metaspace       used 26902K, capacity 27513K, committed 27824K, reserved 278528K
  class space    used 3504K, capacity 3730K, committed 3840K, reserved 253952K
}
Event: 8.958 GC heap after
{Heap after GC invocations=4 (full 0):
 garbage-first heap   total 262144K, used 19490K [0x00000000e0000000, 0x0000000100000000)
  region size 1024K, 3 young (3072K), 3 survivors (3072K)
 Metaspace       used 26902K, capacity 27513K, committed 27824K, reserved 278528K
  class space    used 3504K, capacity 3730K, committed 3840K, reserved 253952K
}
Event: 11.601 GC heap before
{Heap before GC invocations=4 (full 0):
 garbage-first heap   total 262144K, used 112674K [0x00000000e0000000, 0x0000000100000000)
  region size 1024K, 84 young (86016K), 3 survivors (3072K)
 Metaspace       used 34836K, capacity 35790K, committed 35920K, reserved 286720K
  class space    used 4691K, capacity 5038K, committed 5120K, reserved 253952K
}
Event: 11.645 GC heap after
{Heap after GC invocations=5 (full 0):
 garbage-first heap   total 262144K, used 35951K [0x00000000e0000000, 0x0000000100000000)
  region size 1024K, 8 young (8192K), 8 survivors (8192K)
 Metaspace       used 34836K, capacity 35790K, committed 35920K, reserved 286720K
  class space    used 4691K, capacity 5038K, committed 5120K, reserved 253952K
}
Event: 13.959 GC heap before
{Heap before GC invocations=6 (full 0):
 garbage-first heap   total 262144K, used 151663K [0x00000000e0000000, 0x0000000100000000)
  region size 1024K, 112 young (114688K), 8 survivors (8192K)
 Metaspace       used 45651K, capacity 47010K, committed 47184K, reserved 294912K
  class space    used 5848K, capacity 6336K, committed 6400K, reserved 253952K
}
Event: 14.061 GC heap after
{Heap after GC invocations=7 (full 0):
 garbage-first heap   total 262144K, used 51672K [0x00000000e0000000, 0x0000000100000000)
  region size 1024K, 14 young (14336K), 14 survivors (14336K)
 Metaspace       used 45651K, capacity 47010K, committed 47184K, reserved 294912K
  class space    used 5848K, capacity 6336K, committed 6400K, reserved 253952K
}
Event: 16.562 GC heap before
{Heap before GC invocations=7 (full 0):
 garbage-first heap   total 262144K, used 167384K [0x00000000e0000000, 0x0000000100000000)
  region size 1024K, 128 young (131072K), 14 survivors (14336K)
 Metaspace       used 58379K, capacity 60192K, committed 60296K, reserved 307200K
  class space    used 7620K, capacity 8305K, committed 8320K, reserved 253952K
}
Event: 16.667 GC heap after
{Heap after GC invocations=8 (full 0):
 garbage-first heap   total 262144K, used 59852K [0x00000000e0000000, 0x0000000100000000)
  region size 1024K, 15 young (15360K), 15 survivors (15360K)
 Metaspace       used 58379K, capacity 60192K, committed 60296K, reserved 307200K
  class space    used 7620K, capacity 8305K, committed 8320K, reserved 253952K
}
Event: 18.980 GC heap before
{Heap before GC invocations=9 (full 0):
 garbage-first heap   total 262144K, used 206284K [0x00000000e0000000, 0x0000000100000000)
  region size 1024K, 134 young (137216K), 15 survivors (15360K)
 Metaspace       used 66687K, capacity 68946K, committed 69128K, reserved 315392K
  class space    used 8804K, capacity 9616K, committed 9728K, reserved 253952K
}
Event: 19.001 GC heap after
{Heap after GC invocations=10 (full 0):
 garbage-first heap   total 262144K, used 95384K [0x00000000e0000000, 0x0000000100000000)
  region size 1024K, 17 young (17408K), 17 survivors (17408K)
 Metaspace       used 66687K, capacity 68946K, committed 69128K, reserved 315392K
  class space    used 8804K, capacity 9616K, committed 9728K, reserved 253952K
}
Event: 20.151 GC heap before
{Heap before GC invocations=10 (full 0):
 garbage-first heap   total 262144K, used 202904K [0x00000000e0000000, 0x0000000100000000)
  region size 1024K, 122 young (124928K), 17 survivors (17408K)
 Metaspace       used 71622K, capacity 74091K, committed 74376K, reserved 319488K
  class space    used 9391K, capacity 10295K, committed 10368K, reserved 253952K
}
Event: 20.186 GC heap after
{Heap after GC invocations=11 (full 0):
 garbage-first heap   total 262144K, used 102632K [0x00000000e0000000, 0x0000000100000000)
  region size 1024K, 8 young (8192K), 8 survivors (8192K)
 Metaspace       used 71622K, capacity 74091K, committed 74376K, reserved 319488K
  class space    used 9391K, capacity 10295K, committed 10368K, reserved 253952K
}
Event: 1456.323 GC heap before
{Heap before GC invocations=11 (full 0):
 garbage-first heap   total 262144K, used 206056K [0x00000000e0000000, 0x0000000100000000)
  region size 1024K, 110 young (112640K), 8 survivors (8192K)
 Metaspace       used 83516K, capacity 86184K, committed 86280K, reserved 329728K
  class space    used 10737K, capacity 11683K, committed 11776K, reserved 253952K
}
Event: 1456.555 GC heap after
{Heap after GC invocations=12 (full 0):
 garbage-first heap   total 262144K, used 108454K [0x00000000e0000000, 0x0000000100000000)
  region size 1024K, 13 young (13312K), 13 survivors (13312K)
 Metaspace       used 83516K, capacity 86184K, committed 86280K, reserved 329728K
  class space    used 10737K, capacity 11683K, committed 11776K, reserved 253952K
}
Event: 3272.532 GC heap before
{Heap before GC invocations=12 (full 0):
 garbage-first heap   total 262144K, used 208806K [0x00000000e0000000, 0x0000000100000000)
  region size 1024K, 112 young (114688K), 13 survivors (13312K)
 Metaspace       used 84474K, capacity 87193K, committed 87304K, reserved 329728K
  class space    used 10764K, capacity 11720K, committed 11776K, reserved 253952K
}
Event: 3273.461 GC heap after
{Heap after GC invocations=13 (full 0):
 garbage-first heap   total 262144K, used 112545K [0x00000000e0000000, 0x0000000100000000)
  region size 1024K, 11 young (11264K), 11 survivors (11264K)
 Metaspace       used 84474K, capacity 87193K, committed 87304K, reserved 329728K
  class space    used 10764K, capacity 11720K, committed 11776K, reserved 253952K
}
Event: 3273.504 GC heap before
{Heap before GC invocations=13 (full 0):
 garbage-first heap   total 262144K, used 113569K [0x00000000e0000000, 0x0000000100000000)
  region size 1024K, 12 young (12288K), 11 survivors (11264K)
 Metaspace       used 84474K, capacity 87193K, committed 87304K, reserved 329728K
  class space    used 10764K, capacity 11720K, committed 11776K, reserved 253952K
}
Event: 3273.545 GC heap after
{Heap after GC invocations=14 (full 0):
 garbage-first heap   total 262144K, used 113271K [0x00000000e0000000, 0x0000000100000000)
  region size 1024K, 2 young (2048K), 2 survivors (2048K)
 Metaspace       used 84474K, capacity 87193K, committed 87304K, reserved 329728K
  class space    used 10764K, capacity 11720K, committed 11776K, reserved 253952K
}

